TN:
SF:/Users/andeladeveloper/Documents/More-Recipes/client/__tests__/jestSetup.js
FNF:0
FNH:0
DA:18,6
DA:19,6
DA:21,6
DA:23,6
DA:24,6
DA:25,6
DA:26,6
DA:27,6
DA:28,6
DA:29,6
DA:30,6
LF:11
LH:11
BRF:0
BRH:0
end_of_record
TN:
SF:/Users/andeladeveloper/Documents/More-Recipes/client/__tests__/__mock__/fileMock.js
FNF:0
FNH:0
DA:1,1
LF:1
LH:1
BRF:0
BRH:0
end_of_record
TN:
SF:/Users/andeladeveloper/Documents/More-Recipes/client/__tests__/__mock__/localStorage.js
FN:16,(anonymous_0)
FN:30,(anonymous_1)
FN:43,(anonymous_2)
FN:54,(anonymous_3)
FNF:4
FNH:1
FNDA:0,(anonymous_0)
FNDA:8,(anonymous_1)
FNDA:0,(anonymous_2)
FNDA:0,(anonymous_3)
DA:17,0
DA:31,8
DA:44,0
DA:55,0
LF:4
LH:1
BRF:0
BRH:0
end_of_record
TN:
SF:/Users/andeladeveloper/Documents/More-Recipes/client/__tests__/__mock__/recipe.js
FNF:0
FNH:0
LF:0
LH:0
BRF:0
BRH:0
end_of_record
TN:
SF:/Users/andeladeveloper/Documents/More-Recipes/client/src/routes.jsx
FN:18,(anonymous_0)
FNF:1
FNH:1
FNDA:1,(anonymous_0)
DA:18,1
DA:19,1
LF:2
LH:2
BRF:0
BRH:0
end_of_record
TN:
SF:/Users/andeladeveloper/Documents/More-Recipes/client/src/actions/addRecipe.js
FN:16,(anonymous_0)
FN:16,(anonymous_1)
FN:28,(anonymous_2)
FN:30,(anonymous_3)
FNF:4
FNH:4
FNDA:2,(anonymous_0)
FNDA:2,(anonymous_1)
FNDA:1,(anonymous_2)
FNDA:1,(anonymous_3)
DA:16,2
DA:17,2
DA:18,2
DA:19,2
DA:29,1
DA:31,1
DA:32,1
DA:38,1
DA:39,1
LF:9
LH:9
BRF:0
BRH:0
end_of_record
TN:
SF:/Users/andeladeveloper/Documents/More-Recipes/client/src/actions/deleteRecipe.js
FN:15,(anonymous_0)
FN:15,(anonymous_1)
FN:23,(anonymous_2)
FN:36,(anonymous_3)
FNF:4
FNH:4
FNDA:2,(anonymous_0)
FNDA:2,(anonymous_1)
FNDA:1,(anonymous_2)
FNDA:1,(anonymous_3)
DA:15,2
DA:16,2
DA:17,2
DA:18,2
DA:26,1
DA:27,1
DA:33,1
DA:34,1
DA:37,1
DA:38,1
DA:44,1
DA:45,1
LF:12
LH:12
BRF:0
BRH:0
end_of_record
TN:
SF:/Users/andeladeveloper/Documents/More-Recipes/client/src/actions/editRecipe.js
FN:17,(anonymous_0)
FN:17,(anonymous_1)
FN:30,(anonymous_2)
FN:32,(anonymous_3)
FNF:4
FNH:4
FNDA:2,(anonymous_0)
FNDA:2,(anonymous_1)
FNDA:1,(anonymous_2)
FNDA:1,(anonymous_3)
DA:17,2
DA:18,2
DA:20,2
DA:21,2
DA:31,1
DA:33,1
DA:34,1
DA:40,1
DA:41,1
LF:9
LH:9
BRF:0
BRH:0
end_of_record
TN:
SF:/Users/andeladeveloper/Documents/More-Recipes/client/src/actions/favouriteRecipe.js
FN:15,(anonymous_0)
FN:15,(anonymous_1)
FN:24,(anonymous_2)
FN:36,(anonymous_3)
FNF:4
FNH:4
FNDA:2,(anonymous_0)
FNDA:2,(anonymous_1)
FNDA:1,(anonymous_2)
FNDA:1,(anonymous_3)
DA:15,2
DA:16,2
DA:18,2
DA:19,2
DA:27,1
DA:28,1
DA:34,1
DA:35,1
DA:37,1
DA:38,1
DA:44,1
DA:45,1
LF:12
LH:12
BRF:0
BRH:0
end_of_record
TN:
SF:/Users/andeladeveloper/Documents/More-Recipes/client/src/actions/getAllRecipes.js
FN:20,(anonymous_0)
FN:31,(anonymous_1)
FN:45,(anonymous_2)
FN:56,(anonymous_3)
FN:56,(anonymous_4)
FN:59,(anonymous_5)
FN:62,(anonymous_6)
FN:77,(anonymous_7)
FN:77,(anonymous_8)
FN:85,(anonymous_9)
FN:91,(anonymous_10)
FNF:11
FNH:6
FNDA:0,(anonymous_0)
FNDA:2,(anonymous_1)
FNDA:2,(anonymous_2)
FNDA:2,(anonymous_3)
FNDA:2,(anonymous_4)
FNDA:1,(anonymous_5)
FNDA:1,(anonymous_6)
FNDA:0,(anonymous_7)
FNDA:0,(anonymous_8)
FNDA:0,(anonymous_9)
FNDA:0,(anonymous_10)
DA:20,2
DA:31,2
DA:45,2
DA:56,2
DA:57,2
DA:58,2
DA:60,1
DA:61,1
DA:65,1
DA:66,1
DA:67,1
DA:77,2
DA:78,0
DA:79,0
DA:88,0
DA:89,0
DA:90,0
DA:94,0
DA:95,0
DA:96,0
LF:20
LH:12
BRF:0
BRH:0
end_of_record
TN:
SF:/Users/andeladeveloper/Documents/More-Recipes/client/src/actions/getAllReviews.js
FN:19,(anonymous_0)
FN:30,(anonymous_1)
FN:41,(anonymous_2)
FN:41,(anonymous_3)
FN:44,(anonymous_4)
FN:50,(anonymous_5)
FNF:6
FNH:0
FNDA:0,(anonymous_0)
FNDA:0,(anonymous_1)
FNDA:0,(anonymous_2)
FNDA:0,(anonymous_3)
FNDA:0,(anonymous_4)
FNDA:0,(anonymous_5)
DA:19,1
DA:30,1
DA:41,1
DA:42,0
DA:43,0
DA:47,0
DA:48,0
DA:49,0
DA:53,0
DA:54,0
DA:55,0
LF:11
LH:3
BRF:0
BRH:0
end_of_record
TN:
SF:/Users/andeladeveloper/Documents/More-Recipes/client/src/actions/getSingleRecipe.js
FN:19,(anonymous_0)
FN:30,(anonymous_1)
FN:41,(anonymous_2)
FN:41,(anonymous_3)
FN:44,(anonymous_4)
FN:50,(anonymous_5)
FNF:6
FNH:0
FNDA:0,(anonymous_0)
FNDA:0,(anonymous_1)
FNDA:0,(anonymous_2)
FNDA:0,(anonymous_3)
FNDA:0,(anonymous_4)
FNDA:0,(anonymous_5)
DA:19,1
DA:30,1
DA:41,1
DA:42,0
DA:43,0
DA:47,0
DA:48,0
DA:49,0
DA:53,0
DA:54,0
DA:55,0
LF:11
LH:3
BRF:0
BRH:0
end_of_record
TN:
SF:/Users/andeladeveloper/Documents/More-Recipes/client/src/actions/getUserRecipes.js
FN:18,(anonymous_0)
FN:29,(anonymous_1)
FN:40,(anonymous_2)
FN:40,(anonymous_3)
FN:43,(anonymous_4)
FN:49,(anonymous_5)
FN:63,(anonymous_6)
FN:63,(anonymous_7)
FN:66,(anonymous_8)
FN:72,(anonymous_9)
FNF:10
FNH:0
FNDA:0,(anonymous_0)
FNDA:0,(anonymous_1)
FNDA:0,(anonymous_2)
FNDA:0,(anonymous_3)
FNDA:0,(anonymous_4)
FNDA:0,(anonymous_5)
FNDA:0,(anonymous_6)
FNDA:0,(anonymous_7)
FNDA:0,(anonymous_8)
FNDA:0,(anonymous_9)
DA:18,1
DA:29,1
DA:40,1
DA:41,0
DA:42,0
DA:46,0
DA:47,0
DA:48,0
DA:52,0
DA:53,0
DA:54,0
DA:63,1
DA:64,0
DA:65,0
DA:69,0
DA:70,0
DA:71,0
DA:75,0
DA:76,0
DA:77,0
LF:20
LH:4
BRF:0
BRH:0
end_of_record
TN:
SF:/Users/andeladeveloper/Documents/More-Recipes/client/src/actions/isLoading.js
FN:10,(anonymous_0)
FN:18,(anonymous_1)
FNF:2
FNH:2
FNDA:20,(anonymous_0)
FNDA:20,(anonymous_1)
DA:10,20
DA:18,20
LF:2
LH:2
BRF:0
BRH:0
end_of_record
TN:
SF:/Users/andeladeveloper/Documents/More-Recipes/client/src/actions/postReview.js
FN:17,(anonymous_0)
FN:17,(anonymous_1)
FN:28,(anonymous_2)
FN:31,(anonymous_3)
FNF:4
FNH:0
FNDA:0,(anonymous_0)
FNDA:0,(anonymous_1)
FNDA:0,(anonymous_2)
FNDA:0,(anonymous_3)
DA:17,1
DA:18,0
DA:19,0
DA:21,0
DA:22,0
DA:29,0
DA:30,0
DA:32,0
DA:33,0
DA:39,0
DA:40,0
LF:11
LH:1
BRF:0
BRH:0
end_of_record
TN:
SF:/Users/andeladeveloper/Documents/More-Recipes/client/src/actions/signIn.js
FN:19,setAxiosHeader
FN:33,(anonymous_1)
FN:46,(anonymous_2)
FN:59,(anonymous_3)
FN:59,(anonymous_4)
FN:62,(anonymous_5)
FN:74,(anonymous_6)
FNF:7
FNH:0
FNDA:0,setAxiosHeader
FNDA:0,(anonymous_1)
FNDA:0,(anonymous_2)
FNDA:0,(anonymous_3)
FNDA:0,(anonymous_4)
FNDA:0,(anonymous_5)
FNDA:0,(anonymous_6)
DA:20,0
DA:21,0
DA:23,0
DA:33,1
DA:46,1
DA:59,1
DA:60,0
DA:61,0
DA:66,0
DA:68,0
DA:69,0
DA:70,0
DA:71,0
DA:73,0
DA:77,0
DA:78,0
DA:79,0
LF:17
LH:3
BRDA:20,0,0,0
BRDA:20,0,1,0
BRF:2
BRH:0
end_of_record
TN:
SF:/Users/andeladeveloper/Documents/More-Recipes/client/src/actions/signOut.js
FN:10,(anonymous_0)
FN:19,(anonymous_1)
FN:19,(anonymous_2)
FNF:3
FNH:0
FNDA:0,(anonymous_0)
FNDA:0,(anonymous_1)
FNDA:0,(anonymous_2)
DA:10,1
DA:19,1
DA:20,0
DA:21,0
DA:22,0
DA:23,0
DA:29,0
LF:7
LH:2
BRF:0
BRH:0
end_of_record
TN:
SF:/Users/andeladeveloper/Documents/More-Recipes/client/src/actions/signUp.js
FN:20,(anonymous_0)
FN:33,(anonymous_1)
FN:46,(anonymous_2)
FN:46,(anonymous_3)
FN:49,(anonymous_4)
FN:58,(anonymous_5)
FNF:6
FNH:0
FNDA:0,(anonymous_0)
FNDA:0,(anonymous_1)
FNDA:0,(anonymous_2)
FNDA:0,(anonymous_3)
FNDA:0,(anonymous_4)
FNDA:0,(anonymous_5)
DA:20,1
DA:33,1
DA:46,1
DA:47,0
DA:48,0
DA:53,0
DA:54,0
DA:55,0
DA:56,0
DA:57,0
DA:61,0
DA:62,0
DA:63,0
LF:13
LH:3
BRF:0
BRH:0
end_of_record
TN:
SF:/Users/andeladeveloper/Documents/More-Recipes/client/src/actions/types.js
FNF:0
FNH:0
DA:1,6
DA:3,6
DA:5,6
DA:7,6
DA:8,6
DA:10,6
DA:12,6
DA:14,6
DA:16,6
DA:18,6
DA:20,6
DA:22,6
DA:24,6
DA:26,6
DA:28,6
DA:30,6
DA:32,6
DA:34,6
DA:36,6
LF:19
LH:19
BRF:0
BRH:0
end_of_record
TN:
SF:/Users/andeladeveloper/Documents/More-Recipes/client/src/actions/voteRecipe.js
FN:16,(anonymous_0)
FN:16,(anonymous_1)
FN:25,(anonymous_2)
FN:38,(anonymous_3)
FNF:4
FNH:0
FNDA:0,(anonymous_0)
FNDA:0,(anonymous_1)
FNDA:0,(anonymous_2)
FNDA:0,(anonymous_3)
DA:16,1
DA:17,0
DA:19,0
DA:20,0
DA:26,0
DA:29,0
DA:30,0
DA:36,0
DA:37,0
DA:39,0
DA:40,0
DA:46,0
DA:47,0
LF:13
LH:1
BRF:0
BRH:0
end_of_record
TN:
SF:/Users/andeladeveloper/Documents/More-Recipes/client/src/components/App.jsx
FN:18,(anonymous_0)
FN:27,(anonymous_1)
FN:33,(anonymous_2)
FN:36,(anonymous_3)
FN:59,(anonymous_4)
FN:86,(anonymous_5)
FN:87,(anonymous_6)
FNF:7
FNH:0
FNDA:0,(anonymous_0)
FNDA:0,(anonymous_1)
FNDA:0,(anonymous_2)
FNDA:0,(anonymous_3)
FNDA:0,(anonymous_4)
FNDA:0,(anonymous_5)
FNDA:0,(anonymous_6)
DA:19,0
DA:20,0
DA:28,0
DA:34,0
DA:37,0
DA:38,0
DA:39,0
DA:40,0
DA:41,0
DA:42,0
DA:48,0
DA:49,0
DA:50,0
DA:51,0
DA:60,0
DA:61,0
DA:62,0
DA:86,1
DA:88,0
LF:19
LH:1
BRDA:38,0,0,0
BRDA:38,0,1,0
BRDA:41,1,0,0
BRDA:41,1,1,0
BRDA:65,2,0,0
BRDA:65,2,1,0
BRDA:68,3,0,0
BRDA:68,3,1,0
BRF:8
BRH:0
end_of_record
TN:
SF:/Users/andeladeveloper/Documents/More-Recipes/client/src/components/Header.jsx
FN:24,(anonymous_0)
FN:34,(anonymous_1)
FN:40,(anonymous_2)
FN:44,(anonymous_3)
FN:56,(anonymous_4)
FN:63,(anonymous_5)
FN:72,(anonymous_6)
FN:165,(anonymous_7)
FN:184,(anonymous_8)
FN:193,(anonymous_9)
FN:194,(anonymous_10)
FNF:11
FNH:0
FNDA:0,(anonymous_0)
FNDA:0,(anonymous_1)
FNDA:0,(anonymous_2)
FNDA:0,(anonymous_3)
FNDA:0,(anonymous_4)
FNDA:0,(anonymous_5)
FNDA:0,(anonymous_6)
FNDA:0,(anonymous_7)
FNDA:0,(anonymous_8)
FNDA:0,(anonymous_9)
FNDA:0,(anonymous_10)
DA:25,0
DA:27,0
DA:35,0
DA:41,0
DA:45,0
DA:46,0
DA:47,0
DA:48,0
DA:49,0
DA:51,0
DA:57,0
DA:58,0
DA:60,0
DA:64,0
DA:73,0
DA:165,0
DA:181,1
DA:184,1
DA:193,1
DA:195,0
LF:20
LH:3
BRDA:46,0,0,0
BRDA:46,0,1,0
BRDA:48,1,0,0
BRDA:48,1,1,0
BRDA:48,2,0,0
BRDA:48,2,1,0
BRDA:57,3,0,0
BRDA:57,3,1,0
BRDA:98,4,0,0
BRDA:98,4,1,0
BRDA:114,5,0,0
BRDA:114,5,1,0
BRDA:130,6,0,0
BRDA:130,6,1,0
BRDA:145,7,0,0
BRDA:145,7,1,0
BRDA:145,7,2,0
BRDA:160,8,0,0
BRDA:160,8,1,0
BRF:19
BRH:0
end_of_record
TN:
SF:/Users/andeladeveloper/Documents/More-Recipes/client/src/components/common/Jumbotron.jsx
FN:9,Jumbotron
FNF:1
FNH:0
FNDA:0,Jumbotron
DA:10,0
DA:25,1
LF:2
LH:1
BRF:0
BRH:0
end_of_record
TN:
SF:/Users/andeladeveloper/Documents/More-Recipes/client/src/components/common/PrivateRoute.jsx
FN:8,PrivateRoute
FN:15,(anonymous_1)
FNF:2
FNH:0
FNDA:0,PrivateRoute
FNDA:0,(anonymous_1)
DA:12,0
DA:16,0
LF:2
LH:0
BRDA:16,0,0,0
BRDA:16,0,1,0
BRF:2
BRH:0
end_of_record
TN:
SF:/Users/andeladeveloper/Documents/More-Recipes/client/src/components/common/RecipeCard.jsx
FN:11,(anonymous_0)
FNF:1
FNH:0
FNDA:0,(anonymous_0)
DA:11,1
DA:12,0
DA:34,1
DA:37,1
LF:4
LH:3
BRF:0
BRH:0
end_of_record
TN:
SF:/Users/andeladeveloper/Documents/More-Recipes/client/src/components/common/Search.jsx
FN:9,SearchBar
FNF:1
FNH:0
FNDA:0,SearchBar
DA:10,0
LF:1
LH:0
BRF:0
BRH:0
end_of_record
TN:
SF:/Users/andeladeveloper/Documents/More-Recipes/client/src/components/common/TextField.jsx
FN:8,TextField
FNF:1
FNH:0
FNDA:0,TextField
DA:9,0
DA:47,1
DA:55,1
LF:3
LH:2
BRDA:13,0,0,0
BRDA:13,0,1,0
BRDA:26,1,0,0
BRDA:26,1,1,0
BRDA:39,2,0,0
BRDA:39,2,1,0
BRF:6
BRH:0
end_of_record
TN:
SF:/Users/andeladeveloper/Documents/More-Recipes/client/src/components/indexPage/IndexVideo.jsx
FN:7,IndexVideo
FNF:1
FNH:0
FNDA:0,IndexVideo
DA:8,0
LF:1
LH:0
BRF:0
BRH:0
end_of_record
TN:
SF:/Users/andeladeveloper/Documents/More-Recipes/client/src/components/pages/IndexPage.jsx
FN:9,(anonymous_0)
FNF:1
FNH:0
FNDA:0,(anonymous_0)
DA:9,1
DA:10,0
LF:2
LH:1
BRF:0
BRH:0
end_of_record
TN:
SF:/Users/andeladeveloper/Documents/More-Recipes/client/src/components/pages/SignIn.jsx
FN:9,(anonymous_0)
FNF:1
FNH:0
FNDA:0,(anonymous_0)
DA:9,1
DA:10,0
LF:2
LH:1
BRF:0
BRH:0
end_of_record
TN:
SF:/Users/andeladeveloper/Documents/More-Recipes/client/src/components/pages/SignInForm.jsx
FN:18,(anonymous_0)
FN:30,(anonymous_1)
FN:41,(anonymous_2)
FN:50,(anonymous_3)
FN:62,(anonymous_4)
FN:66,(anonymous_5)
FN:86,(anonymous_6)
FN:155,(anonymous_7)
FN:166,(anonymous_8)
FN:167,(anonymous_9)
FNF:10
FNH:0
FNDA:0,(anonymous_0)
FNDA:0,(anonymous_1)
FNDA:0,(anonymous_2)
FNDA:0,(anonymous_3)
FNDA:0,(anonymous_4)
FNDA:0,(anonymous_5)
FNDA:0,(anonymous_6)
FNDA:0,(anonymous_7)
FNDA:0,(anonymous_8)
FNDA:0,(anonymous_9)
DA:19,0
DA:20,0
DA:31,0
DA:32,0
DA:42,0
DA:45,0
DA:47,0
DA:51,0
DA:54,0
DA:55,0
DA:63,0
DA:67,0
DA:68,0
DA:72,0
DA:74,0
DA:75,0
DA:79,0
DA:80,0
DA:87,0
DA:147,1
DA:155,1
DA:166,1
DA:168,0
LF:23
LH:3
BRDA:31,0,0,0
BRDA:31,0,1,0
BRDA:45,1,0,0
BRDA:45,1,1,0
BRDA:45,2,0,0
BRDA:45,2,1,0
BRDA:54,3,0,0
BRDA:54,3,1,0
BRDA:74,4,0,0
BRDA:74,4,1,0
BRDA:95,5,0,0
BRDA:95,5,1,0
BRF:12
BRH:0
end_of_record
TN:
SF:/Users/andeladeveloper/Documents/More-Recipes/client/src/components/pages/SignUp.jsx
FN:9,(anonymous_0)
FNF:1
FNH:0
FNDA:0,(anonymous_0)
DA:9,1
DA:10,0
LF:2
LH:1
BRF:0
BRH:0
end_of_record
TN:
SF:/Users/andeladeveloper/Documents/More-Recipes/client/src/components/pages/SignUpForm.jsx
FN:17,(anonymous_0)
FN:35,(anonymous_1)
FN:45,(anonymous_2)
FN:69,(anonymous_3)
FN:77,(anonymous_4)
FN:86,(anonymous_5)
FN:172,(anonymous_6)
FN:182,(anonymous_7)
FN:183,(anonymous_8)
FNF:9
FNH:0
FNDA:0,(anonymous_0)
FNDA:0,(anonymous_1)
FNDA:0,(anonymous_2)
FNDA:0,(anonymous_3)
FNDA:0,(anonymous_4)
FNDA:0,(anonymous_5)
FNDA:0,(anonymous_6)
FNDA:0,(anonymous_7)
FNDA:0,(anonymous_8)
DA:18,0
DA:19,0
DA:26,0
DA:27,0
DA:36,0
DA:46,0
DA:47,0
DA:51,0
DA:53,0
DA:54,0
DA:58,0
DA:59,0
DA:70,0
DA:72,0
DA:78,0
DA:87,0
DA:172,1
DA:182,1
DA:184,0
LF:19
LH:2
BRDA:53,0,0,0
BRDA:53,0,1,0
BRDA:70,1,0,0
BRDA:70,1,1,0
BRDA:70,2,0,0
BRDA:70,2,1,0
BRF:6
BRH:0
end_of_record
TN:
SF:/Users/andeladeveloper/Documents/More-Recipes/client/src/components/profilePageComponent/AddRecipeComponent.jsx
FN:9,AddRecipeComponent
FNF:1
FNH:0
FNDA:0,AddRecipeComponent
DA:10,0
LF:1
LH:0
BRF:0
BRH:0
end_of_record
TN:
SF:/Users/andeladeveloper/Documents/More-Recipes/client/src/components/profilePageComponent/AddRecipeForm.jsx
FN:20,(anonymous_0)
FN:29,(anonymous_1)
FN:58,(anonymous_2)
FN:65,(anonymous_3)
FN:159,(anonymous_4)
FN:168,(anonymous_5)
FN:169,(anonymous_6)
FNF:7
FNH:0
FNDA:0,(anonymous_0)
FNDA:0,(anonymous_1)
FNDA:0,(anonymous_2)
FNDA:0,(anonymous_3)
FNDA:0,(anonymous_4)
FNDA:0,(anonymous_5)
FNDA:0,(anonymous_6)
DA:21,0
DA:30,0
DA:31,0
DA:35,0
DA:41,0
DA:42,0
DA:45,0
DA:46,0
DA:47,0
DA:50,0
DA:57,0
DA:59,0
DA:66,0
DA:159,1
DA:168,1
DA:169,0
LF:16
LH:2
BRDA:31,0,0,0
BRDA:31,0,1,0
BRDA:31,1,0,0
BRDA:31,1,1,0
BRDA:31,1,2,0
BRDA:31,1,3,0
BRDA:45,2,0,0
BRDA:45,2,1,0
BRF:8
BRH:0
end_of_record
TN:
SF:/Users/andeladeveloper/Documents/More-Recipes/client/src/components/profilePageComponent/ProfileComponent.jsx
FN:9,ProfileComponent
FNF:1
FNH:0
FNDA:0,ProfileComponent
DA:10,0
DA:80,1
LF:2
LH:1
BRDA:31,0,0,0
BRDA:31,0,1,0
BRDA:50,1,0,0
BRDA:50,1,1,0
BRDA:63,2,0,0
BRDA:63,2,1,0
BRF:6
BRH:0
end_of_record
TN:
SF:/Users/andeladeveloper/Documents/More-Recipes/client/src/components/profilePageComponent/ProfilePage.jsx
FN:24,(anonymous_0)
FN:47,(anonymous_1)
FN:68,(anonymous_2)
FN:93,(anonymous_3)
FN:96,(anonymous_4)
FN:114,(anonymous_5)
FN:122,(anonymous_6)
FN:130,(anonymous_7)
FN:203,(anonymous_8)
FN:214,(anonymous_9)
FN:215,(anonymous_10)
FN:216,(anonymous_11)
FNF:12
FNH:0
FNDA:0,(anonymous_0)
FNDA:0,(anonymous_1)
FNDA:0,(anonymous_2)
FNDA:0,(anonymous_3)
FNDA:0,(anonymous_4)
FNDA:0,(anonymous_5)
FNDA:0,(anonymous_6)
FNDA:0,(anonymous_7)
FNDA:0,(anonymous_8)
FNDA:0,(anonymous_9)
FNDA:0,(anonymous_10)
FNDA:0,(anonymous_11)
DA:25,0
DA:26,0
DA:28,0
DA:30,0
DA:32,0
DA:35,0
DA:48,0
DA:49,0
DA:50,0
DA:51,0
DA:57,0
DA:58,0
DA:69,0
DA:70,0
DA:76,0
DA:77,0
DA:82,0
DA:83,0
DA:84,0
DA:94,0
DA:100,0
DA:101,0
DA:102,0
DA:104,0
DA:115,0
DA:116,0
DA:118,0
DA:119,0
DA:120,0
DA:123,0
DA:136,0
DA:137,0
DA:179,1
DA:182,1
DA:187,1
DA:203,1
DA:214,1
DA:215,0
DA:216,0
LF:39
LH:5
BRDA:32,0,0,0
BRDA:32,0,1,0
BRDA:38,1,0,0
BRDA:38,1,1,0
BRDA:40,2,0,0
BRDA:40,2,1,0
BRDA:50,3,0,0
BRDA:50,3,1,0
BRDA:69,4,0,0
BRDA:69,4,1,0
BRDA:86,5,0,0
BRDA:86,5,1,0
BRDA:101,6,0,0
BRDA:101,6,1,0
BRDA:119,7,0,0
BRDA:119,7,1,0
BRDA:151,8,0,0
BRDA:151,8,1,0
BRDA:151,8,2,0
BRDA:170,9,0,0
BRDA:170,9,1,0
BRF:21
BRH:0
end_of_record
TN:
SF:/Users/andeladeveloper/Documents/More-Recipes/client/src/components/profilePageComponent/RecipeComponent.jsx
FN:10,RecipeComponent
FN:19,(anonymous_1)
FNF:2
FNH:0
FNDA:0,RecipeComponent
FNDA:0,(anonymous_1)
DA:12,0
DA:13,0
DA:19,0
DA:20,0
DA:27,0
LF:5
LH:0
BRDA:12,0,0,0
BRDA:12,0,1,0
BRF:2
BRH:0
end_of_record
TN:
SF:/Users/andeladeveloper/Documents/More-Recipes/client/src/components/recipePage/EditRecipeComponent.jsx
FN:9,EditRecipeComponent
FNF:1
FNH:0
FNDA:0,EditRecipeComponent
DA:10,0
LF:1
LH:0
BRF:0
BRH:0
end_of_record
TN:
SF:/Users/andeladeveloper/Documents/More-Recipes/client/src/components/recipePage/EditRecipeForm.jsx
FN:24,(anonymous_0)
FN:30,(anonymous_1)
FN:39,(anonymous_2)
FN:69,(anonymous_3)
FN:76,(anonymous_4)
FN:170,(anonymous_5)
FN:180,(anonymous_6)
FN:181,(anonymous_7)
FNF:8
FNH:0
FNDA:0,(anonymous_0)
FNDA:0,(anonymous_1)
FNDA:0,(anonymous_2)
FNDA:0,(anonymous_3)
FNDA:0,(anonymous_4)
FNDA:0,(anonymous_5)
FNDA:0,(anonymous_6)
FNDA:0,(anonymous_7)
DA:25,0
DA:31,0
DA:40,0
DA:41,0
DA:45,0
DA:51,0
DA:52,0
DA:55,0
DA:56,0
DA:57,0
DA:60,0
DA:66,0
DA:68,0
DA:70,0
DA:77,0
DA:170,1
DA:180,1
DA:181,0
LF:18
LH:2
BRDA:41,0,0,0
BRDA:41,0,1,0
BRDA:41,1,0,0
BRDA:41,1,1,0
BRDA:41,1,2,0
BRDA:41,1,3,0
BRDA:55,2,0,0
BRDA:55,2,1,0
BRF:8
BRH:0
end_of_record
TN:
SF:/Users/andeladeveloper/Documents/More-Recipes/client/src/components/recipePage/RecipePage.jsx
FN:29,(anonymous_0)
FN:39,(anonymous_1)
FN:47,(anonymous_2)
FN:51,(anonymous_3)
FN:56,(anonymous_4)
FN:61,(anonymous_5)
FN:63,(anonymous_6)
FN:67,(anonymous_7)
FN:75,(anonymous_8)
FN:127,(anonymous_9)
FN:138,(anonymous_10)
FN:184,(anonymous_11)
FN:196,(anonymous_12)
FN:197,(anonymous_13)
FN:198,(anonymous_14)
FN:199,(anonymous_15)
FN:200,(anonymous_16)
FNF:17
FNH:0
FNDA:0,(anonymous_0)
FNDA:0,(anonymous_1)
FNDA:0,(anonymous_2)
FNDA:0,(anonymous_3)
FNDA:0,(anonymous_4)
FNDA:0,(anonymous_5)
FNDA:0,(anonymous_6)
FNDA:0,(anonymous_7)
FNDA:0,(anonymous_8)
FNDA:0,(anonymous_9)
FNDA:0,(anonymous_10)
FNDA:0,(anonymous_11)
FNDA:0,(anonymous_12)
FNDA:0,(anonymous_13)
FNDA:0,(anonymous_14)
FNDA:0,(anonymous_15)
FNDA:0,(anonymous_16)
DA:30,0
DA:31,0
DA:40,0
DA:41,0
DA:48,0
DA:52,0
DA:53,0
DA:57,0
DA:58,0
DA:62,0
DA:64,0
DA:68,0
DA:76,0
DA:77,0
DA:78,0
DA:127,0
DA:138,0
DA:184,1
DA:196,1
DA:197,0
DA:198,0
DA:199,0
DA:200,0
LF:23
LH:2
BRDA:52,0,0,0
BRDA:52,0,1,0
BRDA:57,1,0,0
BRDA:57,1,1,0
BRDA:80,2,0,0
BRDA:80,2,1,0
BRDA:152,3,0,0
BRDA:152,3,1,0
BRF:8
BRH:0
end_of_record
TN:
SF:/Users/andeladeveloper/Documents/More-Recipes/client/src/components/recipePage/ReviewBar.jsx
FN:16,(anonymous_0)
FN:24,(anonymous_1)
FN:31,(anonymous_2)
FN:41,(anonymous_3)
FN:68,(anonymous_4)
FN:78,(anonymous_5)
FN:79,(anonymous_6)
FNF:7
FNH:0
FNDA:0,(anonymous_0)
FNDA:0,(anonymous_1)
FNDA:0,(anonymous_2)
FNDA:0,(anonymous_3)
FNDA:0,(anonymous_4)
FNDA:0,(anonymous_5)
FNDA:0,(anonymous_6)
DA:17,0
DA:18,0
DA:25,0
DA:32,0
DA:34,0
DA:35,0
DA:41,0
DA:42,0
DA:47,0
DA:68,1
DA:78,1
DA:79,0
LF:12
LH:2
BRDA:32,0,0,0
BRDA:32,0,1,0
BRDA:34,1,0,0
BRDA:34,1,1,0
BRF:4
BRH:0
end_of_record
TN:
SF:/Users/andeladeveloper/Documents/More-Recipes/client/src/components/recipePage/ReviewForm.jsx
FN:15,(anonymous_0)
FN:19,(anonymous_1)
FN:48,(anonymous_2)
FN:80,(anonymous_3)
FN:89,(anonymous_4)
FN:90,(anonymous_5)
FNF:6
FNH:0
FNDA:0,(anonymous_0)
FNDA:0,(anonymous_1)
FNDA:0,(anonymous_2)
FNDA:0,(anonymous_3)
FNDA:0,(anonymous_4)
FNDA:0,(anonymous_5)
DA:16,0
DA:20,0
DA:21,0
DA:22,0
DA:28,0
DA:29,0
DA:32,0
DA:33,0
DA:34,0
DA:37,0
DA:42,0
DA:49,0
DA:80,1
DA:89,1
DA:90,0
LF:15
LH:2
BRDA:21,0,0,0
BRDA:21,0,1,0
BRDA:32,1,0,0
BRDA:32,1,1,0
BRF:4
BRH:0
end_of_record
TN:
SF:/Users/andeladeveloper/Documents/More-Recipes/client/src/components/recipePage/Reviews.jsx
FN:10,Reviews
FNF:1
FNH:0
FNDA:0,Reviews
DA:11,0
LF:1
LH:0
BRF:0
BRH:0
end_of_record
TN:
SF:/Users/andeladeveloper/Documents/More-Recipes/client/src/components/topRecipes/TopRecipesPage.jsx
FN:21,(anonymous_0)
FN:34,(anonymous_1)
FN:46,(anonymous_2)
FN:67,(anonymous_3)
FN:79,(anonymous_4)
FN:82,(anonymous_5)
FN:89,(anonymous_6)
FN:98,(anonymous_7)
FN:110,(anonymous_8)
FN:162,(anonymous_9)
FN:172,(anonymous_10)
FN:173,(anonymous_11)
FN:174,(anonymous_12)
FNF:13
FNH:0
FNDA:0,(anonymous_0)
FNDA:0,(anonymous_1)
FNDA:0,(anonymous_2)
FNDA:0,(anonymous_3)
FNDA:0,(anonymous_4)
FNDA:0,(anonymous_5)
FNDA:0,(anonymous_6)
FNDA:0,(anonymous_7)
FNDA:0,(anonymous_8)
FNDA:0,(anonymous_9)
FNDA:0,(anonymous_10)
FNDA:0,(anonymous_11)
FNDA:0,(anonymous_12)
DA:22,0
DA:23,0
DA:35,0
DA:37,0
DA:38,0
DA:47,0
DA:53,0
DA:54,0
DA:68,0
DA:69,0
DA:80,0
DA:83,0
DA:86,0
DA:90,0
DA:99,0
DA:100,0
DA:103,0
DA:104,0
DA:110,0
DA:111,0
DA:118,0
DA:162,1
DA:172,1
DA:173,0
DA:174,0
LF:25
LH:2
BRDA:47,0,0,0
BRDA:47,0,1,0
BRDA:68,1,0,0
BRDA:68,1,1,0
BRDA:103,2,0,0
BRDA:103,2,1,0
BRDA:103,3,0,0
BRDA:103,3,1,0
BRDA:110,4,0,0
BRDA:110,4,1,0
BRDA:134,5,0,0
BRDA:134,5,1,0
BRF:12
BRH:0
end_of_record
TN:
SF:/Users/andeladeveloper/Documents/More-Recipes/client/src/helpers/authHelpers.js
FN:11,signUpCheck
FN:57,signInCheck
FNF:2
FNH:0
FNDA:0,signUpCheck
FNDA:0,signInCheck
DA:1,1
DA:2,1
DA:17,0
DA:19,0
DA:21,0
DA:22,0
DA:23,0
DA:24,0
DA:28,0
DA:29,0
DA:30,0
DA:33,0
DA:36,0
DA:37,0
DA:38,0
DA:39,0
DA:41,0
DA:42,0
DA:45,0
DA:61,0
DA:62,0
DA:63,0
DA:64,0
DA:66,0
LF:24
LH:2
BRDA:21,0,0,0
BRDA:21,0,1,0
BRDA:23,1,0,0
BRDA:23,1,1,0
BRDA:28,2,0,0
BRDA:28,2,1,0
BRDA:30,3,0,0
BRDA:30,3,1,0
BRDA:30,4,0,0
BRDA:30,4,1,0
BRDA:30,4,2,0
BRDA:36,5,0,0
BRDA:36,5,1,0
BRDA:38,6,0,0
BRDA:38,6,1,0
BRDA:41,7,0,0
BRDA:41,7,1,0
BRDA:46,8,0,0
BRDA:46,8,1,0
BRDA:63,9,0,0
BRDA:63,9,1,0
BRDA:63,10,0,0
BRDA:63,10,1,0
BRDA:67,11,0,0
BRDA:67,11,1,0
BRF:25
BRH:0
end_of_record
